<?xml version="1.0" encoding="utf-8"?><testsuites name="pytest tests"><testsuite name="pytest" errors="0" failures="0" skipped="0" tests="10" time="84.397" timestamp="2026-02-21T04:32:14.646832+00:00" hostname="agent-env-f0a6e434-fb85-49b8-86db-6a9cea151a78"><testcase classname="tests.test_ringai_api.TestServiceStatus" name="test_api_status" time="0.388" /><testcase classname="tests.test_ringai_api.TestCallSimulation" name="test_simulate_call_returns_valid_json" time="7.770" /><testcase classname="tests.test_ringai_api.TestCallSimulation" name="test_simulate_call_multiple_runs_consistency" time="41.122" /><testcase classname="tests.test_ringai_api.TestCallReanalysis" name="test_reanalyse_call_returns_valid_json" time="10.712" /><testcase classname="tests.test_ringai_api.TestCallReanalysis" name="test_reanalyse_nonexistent_call" time="0.101" /><testcase classname="tests.test_ringai_api.TestCallList" name="test_get_calls_with_valid_analysis" time="0.134" /><testcase classname="tests.test_ringai_api.TestLongConversationHandling" name="test_conversation_context_summarization" time="23.700" /><testcase classname="tests.test_ringai_api.TestRestaurantEndpoints" name="test_get_restaurant" time="0.126" /><testcase classname="tests.test_ringai_api.TestRestaurantEndpoints" name="test_get_restaurant_menu" time="0.112" /><testcase classname="tests.test_ringai_api.TestRestaurantEndpoints" name="test_get_analytics_summary" time="0.121" /></testsuite></testsuites>