<?xml version="1.0" encoding="utf-8"?><testsuites name="pytest tests"><testsuite name="pytest" errors="0" failures="0" skipped="0" tests="11" time="24.730" timestamp="2026-02-21T04:48:50.312608+00:00" hostname="agent-env-f0a6e434-fb85-49b8-86db-6a9cea151a78"><testcase classname="backend.tests.test_test_mode.TestTestModeStatus" name="test_get_test_mode_status" time="0.251" /><testcase classname="backend.tests.test_test_mode.TestTestScenarios" name="test_get_test_scenarios" time="0.109" /><testcase classname="backend.tests.test_test_mode.TestRunScenario" name="test_run_scenario_0_simple_pickup" time="6.957" /><testcase classname="backend.tests.test_test_mode.TestRunScenario" name="test_run_scenario_3_complex_order" time="9.612" /><testcase classname="backend.tests.test_test_mode.TestRunScenario" name="test_run_scenario_invalid_id" time="0.127" /><testcase classname="backend.tests.test_test_mode.TestRunScenario" name="test_run_scenario_invalid_restaurant" time="0.135" /><testcase classname="backend.tests.test_test_mode.TestStatusEndpoint" name="test_status_includes_mode_and_integrations" time="0.106" /><testcase classname="backend.tests.test_test_mode.TestExistingEndpointsStillWork" name="test_calls_endpoint" time="0.107" /><testcase classname="backend.tests.test_test_mode.TestExistingEndpointsStillWork" name="test_menu_endpoint" time="0.104" /><testcase classname="backend.tests.test_test_mode.TestExistingEndpointsStillWork" name="test_analytics_endpoint" time="0.106" /><testcase classname="backend.tests.test_test_mode.TestExistingEndpointsStillWork" name="test_simulate_call_still_works" time="7.037" /></testsuite></testsuites>